#
# There is insufficient memory for the Java Runtime Environment to continue.
# Native memory allocation (malloc) failed to allocate 1048576 bytes for AllocateHeap
# Possible reasons:
#   The system is out of physical RAM or swap space
#   The process is running with CompressedOops enabled, and the Java Heap may be blocking the growth of the native heap
# Possible solutions:
#   Reduce memory load on the system
#   Increase physical memory or swap space
#   Check if swap backing store is full
#   Decrease Java heap size (-Xmx/-Xms)
#   Decrease number of Java threads
#   Decrease Java thread stack sizes (-Xss)
#   Set larger code cache with -XX:ReservedCodeCacheSize=
#   JVM is running with Unscaled Compressed Oops mode in which the Java heap is
#     placed in the first 4GB address space. The Java Heap base address is the
#     maximum limit for the native heap growth. Please use -XX:HeapBaseMinAddress
#     to set the Java Heap base and to place the Java Heap above 4GB virtual address.
# This output file may be truncated or incomplete.
#
#  Out of Memory Error (allocation.cpp:44), pid=29860, tid=28796
#
# JRE version:  (17.0.4.1+1) (build )
# Java VM: OpenJDK 64-Bit Server VM (17.0.4.1+1, mixed mode, sharing, tiered, compressed oops, compressed class ptrs, g1 gc, windows-amd64)
# No core dump will be written. Minidumps are not enabled by default on client versions of Windows
#

---------------  S U M M A R Y ------------

Command Line: -Dfile.encoding=UTF-8 -XX:+ShowCodeDetailsInExceptionMessages view.VerCiclo

Host: Intel(R) Core(TM) i7-10510U CPU @ 1.80GHz, 8 cores, 7G,  Windows 11 , 64 bit Build 22621 (10.0.22621.1105)
Time: Tue Jan 24 23:05:32 2023 Hora oficial do Brasil elapsed time: 0.016981 seconds (0d 0h 0m 0s)

---------------  T H R E A D  ---------------

Current thread (0x000001b84721a8a0):  JavaThread "Unknown thread" [_thread_in_vm, id=28796, stack(0x0000003a11a00000,0x0000003a11b00000)]

Stack: [0x0000003a11a00000,0x0000003a11b00000]
Native frames: (J=compiled Java code, j=interpreted, Vv=VM code, C=native code)
V  [jvm.dll+0x67731a]
V  [jvm.dll+0x832284]
V  [jvm.dll+0x833a2e]
V  [jvm.dll+0x834093]
V  [jvm.dll+0x245775]
V  [jvm.dll+0xa6393]
V  [jvm.dll+0x2e4697]
V  [jvm.dll+0x2dc4fb]
V  [jvm.dll+0x803db1]
V  [jvm.dll+0x3698f1]
V  [jvm.dll+0x7e31bc]
V  [jvm.dll+0x3ec25f]
V  [jvm.dll+0x3edde1]
C  [jli.dll+0x5277]
C  [ucrtbase.dll+0x29363]
C  [KERNEL32.DLL+0x126bd]
C  [ntdll.dll+0x5dfb8]


---------------  P R O C E S S  ---------------

Threads class SMR info:
_java_thread_list=0x00007ffdcbb54e98, length=0, elements={
}

Java Threads: ( => current thread )

Other Threads:
  0x000001b8472757e0 GCTaskThread "GC Thread#0" [stack: 0x0000003a11b00000,0x0000003a11c00000] [id=29528]

[error occurred during error reporting (printing all threads), id 0xc0000005, EXCEPTION_ACCESS_VIOLATION (0xc0000005) at pc=0x00007ffdcb329620]

VM state: not at safepoint (not fully initialized)

VM Mutex/Monitor currently owned by a thread:  ([mutex/lock_event])
[0x000001b8472162a0] Heap_lock - owner thread: 0x000001b84721a8a0

Heap address: 0x0000000083e00000, size: 1986 MB, Compressed Oops mode: 32-bit

CDS archive(s) mapped at: [0x0000000000000000-0x0000000000000000-0x0000000000000000), size 0, SharedBaseAddress: 0x0000000800000000, ArchiveRelocationMode: 0.
Narrow klass base: 0x0000000000000000, Narrow klass shift: 0, Narrow klass range: 0x0

GC Precious Log:
<Empty>

Heap:
 garbage-first heap   total 0K, used 0K [0x0000000083e00000, 0x0000000100000000)
  region size 1024K, 0 young (0K), 0 survivors (0K)

[error occurred during error reporting (printing heap information), id 0xc0000005, EXCEPTION_ACCESS_VIOLATION (0xc0000005) at pc=0x00007ffdcb710699]

GC Heap History (0 events):
No events

Deoptimization events (0 events):
No events

Classes unloaded (0 events):
No events

Classes redefined (0 events):
No events

Internal exceptions (0 events):
No events

VM Operations (0 events):
No events

Events (1 events):
Event: 0.011 Loaded shared library C:\Users\milen\.p2\pool\plugins\org.eclipse.justj.openjdk.hotspot.jre.full.win32.x86_64_17.0.4.v20221004-1257\jre\bin\java.dll


Dynamic libraries:
0x00007ff6fad10000 - 0x00007ff6fad1e000 	C:\Users\milen\.p2\pool\plugins\org.eclipse.justj.openjdk.hotspot.jre.full.win32.x86_64_17.0.4.v20221004-1257\jre\bin\javaw.exe
0x00007ffe362f0000 - 0x00007ffe36504000 	C:\WINDOWS\SYSTEM32\ntdll.dll
0x00007ffe352b0000 - 0x00007ffe35373000 	C:\WINDOWS\System32\KERNEL32.DLL
0x00007ffe336e0000 - 0x00007ffe33a7d000 	C:\WINDOWS\System32\KERNELBASE.dll
0x00007ffe33c40000 - 0x00007ffe33d51000 	C:\WINDOWS\System32\ucrtbase.dll
0x00007ffe12ac0000 - 0x00007ffe12ad8000 	C:\Users\milen\.p2\pool\plugins\org.eclipse.justj.openjdk.hotspot.jre.full.win32.x86_64_17.0.4.v20221004-1257\jre\bin\jli.dll
0x00007ffe12830000 - 0x00007ffe12849000 	C:\Users\milen\.p2\pool\plugins\org.eclipse.justj.openjdk.hotspot.jre.full.win32.x86_64_17.0.4.v20221004-1257\jre\bin\VCRUNTIME140.dll
0x00007ffe35ab0000 - 0x00007ffe35c5d000 	C:\WINDOWS\System32\USER32.dll
0x00007ffe131e0000 - 0x00007ffe1346e000 	C:\WINDOWS\WinSxS\amd64_microsoft.windows.common-controls_6595b64144ccf1df_6.0.22621.608_none_a9444ca7c10bb01d\COMCTL32.dll
0x00007ffe33c10000 - 0x00007ffe33c36000 	C:\WINDOWS\System32\win32u.dll
0x00007ffe35000000 - 0x00007ffe350a7000 	C:\WINDOWS\System32\msvcrt.dll
0x00007ffe34150000 - 0x00007ffe34179000 	C:\WINDOWS\System32\GDI32.dll
0x00007ffe33d60000 - 0x00007ffe33e72000 	C:\WINDOWS\System32\gdi32full.dll
0x00007ffe33b70000 - 0x00007ffe33c0a000 	C:\WINDOWS\System32\msvcp_win.dll
0x00007ffe34110000 - 0x00007ffe34142000 	C:\WINDOWS\System32\IMM32.DLL
0x00007ffe1da60000 - 0x00007ffe1da6c000 	C:\Users\milen\.p2\pool\plugins\org.eclipse.justj.openjdk.hotspot.jre.full.win32.x86_64_17.0.4.v20221004-1257\jre\bin\vcruntime140_1.dll
0x00007ffdf44b0000 - 0x00007ffdf4541000 	C:\Users\milen\.p2\pool\plugins\org.eclipse.justj.openjdk.hotspot.jre.full.win32.x86_64_17.0.4.v20221004-1257\jre\bin\msvcp140.dll
0x00007ffdcb040000 - 0x00007ffdcbc86000 	C:\Users\milen\.p2\pool\plugins\org.eclipse.justj.openjdk.hotspot.jre.full.win32.x86_64_17.0.4.v20221004-1257\jre\bin\server\jvm.dll
0x00007ffe34f40000 - 0x00007ffe34fee000 	C:\WINDOWS\System32\ADVAPI32.dll
0x00007ffe36150000 - 0x00007ffe361f4000 	C:\WINDOWS\System32\sechost.dll
0x00007ffe35190000 - 0x00007ffe352a5000 	C:\WINDOWS\System32\RPCRT4.dll
0x00007ffe35e20000 - 0x00007ffe35e28000 	C:\WINDOWS\System32\PSAPI.DLL
0x00007ffdf1ba0000 - 0x00007ffdf1ba9000 	C:\WINDOWS\SYSTEM32\WSOCK32.dll
0x00007ffe2d4b0000 - 0x00007ffe2d4e4000 	C:\WINDOWS\SYSTEM32\WINMM.dll
0x00007ffe35f30000 - 0x00007ffe35fa1000 	C:\WINDOWS\System32\WS2_32.dll
0x00007ffe26a30000 - 0x00007ffe26a3a000 	C:\WINDOWS\SYSTEM32\VERSION.dll
0x00007ffe32820000 - 0x00007ffe32838000 	C:\WINDOWS\SYSTEM32\kernel.appcore.dll
0x00007ffe28220000 - 0x00007ffe2822a000 	C:\Users\milen\.p2\pool\plugins\org.eclipse.justj.openjdk.hotspot.jre.full.win32.x86_64_17.0.4.v20221004-1257\jre\bin\jimage.dll
0x00007ffe2e0d0000 - 0x00007ffe2e2fe000 	C:\WINDOWS\SYSTEM32\DBGHELP.DLL
0x00007ffe34a90000 - 0x00007ffe34e1a000 	C:\WINDOWS\System32\combase.dll
0x00007ffe359d0000 - 0x00007ffe35aa7000 	C:\WINDOWS\System32\OLEAUT32.dll
0x00007ffe2d470000 - 0x00007ffe2d4a2000 	C:\WINDOWS\SYSTEM32\dbgcore.DLL
0x00007ffe33af0000 - 0x00007ffe33b6b000 	C:\WINDOWS\System32\bcryptPrimitives.dll
0x00007ffe1e710000 - 0x00007ffe1e735000 	C:\Users\milen\.p2\pool\plugins\org.eclipse.justj.openjdk.hotspot.jre.full.win32.x86_64_17.0.4.v20221004-1257\jre\bin\java.dll

dbghelp: loaded successfully - version: 4.0.5 - missing functions: none
symbol engine: initialized successfully - sym options: 0x614 - pdb path: .;C:\Users\milen\.p2\pool\plugins\org.eclipse.justj.openjdk.hotspot.jre.full.win32.x86_64_17.0.4.v20221004-1257\jre\bin;C:\WINDOWS\SYSTEM32;C:\WINDOWS\WinSxS\amd64_microsoft.windows.common-controls_6595b64144ccf1df_6.0.22621.608_none_a9444ca7c10bb01d;C:\Users\milen\.p2\pool\plugins\org.eclipse.justj.openjdk.hotspot.jre.full.win32.x86_64_17.0.4.v20221004-1257\jre\bin\server

VM Arguments:
jvm_args: -Dfile.encoding=UTF-8 -XX:+ShowCodeDetailsInExceptionMessages 
java_command: view.VerCiclo
java_class_path (initial): C:\Users\milen\git\Diario-de-ciclos-menstruais\trabalho_oo\bin
Launcher Type: SUN_STANDARD

[Global flags]
     intx CICompilerCount                          = 4                                         {product} {ergonomic}
     uint ConcGCThreads                            = 2                                         {product} {ergonomic}
     uint G1ConcRefinementThreads                  = 8                                         {product} {ergonomic}
   size_t G1HeapRegionSize                         = 1048576                                   {product} {ergonomic}
    uintx GCDrainStackTargetSize                   = 64                                        {product} {ergonomic}
   size_t InitialHeapSize                          = 132120576                                 {product} {ergonomic}
   size_t MarkStackSize                            = 4194304                                   {product} {ergonomic}
   size_t MaxHeapSize                              = 2082471936                                {product} {ergonomic}
   size_t MinHeapDeltaBytes                        = 1048576                                   {product} {ergonomic}
   size_t MinHeapSize                              = 8388608                                   {product} {ergonomic}
    uintx NonNMethodCodeHeapSize                   = 5839372                                {pd product} {ergonomic}
    uintx NonProfiledCodeHeapSize                  = 122909434                              {pd product} {ergonomic}
    uintx ProfiledCodeHeapSize                     = 122909434                              {pd product} {ergonomic}
    uintx ReservedCodeCacheSize                    = 251658240                              {pd product} {ergonomic}
     bool SegmentedCodeCache                       = true                                      {product} {ergonomic}
     bool ShowCodeDetailsInExceptionMessages       = true                                   {manageable} {command line}
   size_t SoftMaxHeapSize                          = 2082471936                             {manageable} {ergonomic}
     bool UseCompressedClassPointers               = true                           {product lp64_product} {ergonomic}
     bool UseCompressedOops                        = true                           {product lp64_product} {ergonomic}
     bool UseG1GC                                  = true                                      {product} {ergonomic}
     bool UseLargePagesIndividualAllocation        = false                                  {pd product} {ergonomic}

Logging:
Log output configuration:
 #0: stdout all=warning uptime,level,tags
 #1: stderr all=off uptime,level,tags

Environment Variables:
PATH=C:/Users/milen/.p2/pool/plugins/org.eclipse.justj.openjdk.hotspot.jre.full.win32.x86_64_17.0.4.v20221004-1257/jre/bin/server;C:/Users/milen/.p2/pool/plugins/org.eclipse.justj.openjdk.hotspot.jre.full.win32.x86_64_17.0.4.v20221004-1257/jre/bin;C:\Program Files (x86)\Common Files\Oracle\Java\javapath;C:\Python310\Scripts\;C:\Python310\;C:\Windows\system32;C:\Windows;C:\Windows\System32\Wbem;C:\Windows\System32\WindowsPowerShell\v1.0\;C:\Windows\System32\OpenSSH\;C:\Program Files (x86)\NVIDIA Corporation\PhysX\Common;C:\Program Files\NVIDIA Corporation\NVIDIA NvDLISR;C:\WINDOWS\system32;C:\WINDOWS;C:\WINDOWS\System32\Wbem;C:\WINDOWS\System32\WindowsPowerShell\v1.0\;C:\WINDOWS\System32\OpenSSH\;C:\msys64\usr\bin;C:\msys64\mingw64\bin;D:\bin;C:\Program Files\dotnet\;C:\Program Files\Microsoft SQL Server\120\Tools\Binn\;C:\Program Files\Git\cmd;C:\Program Files\nodejs\;C:\ProgramData\chocolatey\bin;C:\Program Files (x86)\dotnet\;C:\Users\milen\AppData\Local\Microsoft\WindowsApps;D:\Microsoft VS Code\bin;D:\bin;C:\Users\milen\AppData\Local\GitHubDesktop\bin;C:\Users\milen\AppData\Roaming\npm;;C:\Users\milen\OneDrive\Área de Trabalho;
USERNAME=milen
OS=Windows_NT
PROCESSOR_IDENTIFIER=Intel64 Family 6 Model 142 Stepping 12, GenuineIntel
TMP=C:\Users\milen\AppData\Local\Temp
TEMP=C:\Users\milen\AppData\Local\Temp



---------------  S Y S T E M  ---------------

OS:
 Windows 11 , 64 bit Build 22621 (10.0.22621.1105)
OS uptime: 5 days 11:38 hours

CPU: total 8 (initial active 8) (4 cores per cpu, 2 threads per core) family 6 model 142 stepping 12 microcode 0xf0, cx8, cmov, fxsr, ht, mmx, 3dnowpref, sse, sse2, sse3, ssse3, sse4.1, sse4.2, popcnt, lzcnt, tsc, tscinvbit, avx, avx2, aes, erms, clmul, bmi1, bmi2, adx, fma, vzeroupper, clflush, clflushopt

Memory: 4k page, system-wide physical 7942M (202M free)
TotalPageFile size 32518M (AvailPageFile size 4M)
current process WorkingSet (physical memory assigned to process): 10M, peak: 10M
current process commit charge ("private bytes"): 52M, peak: 53M

vm_info: OpenJDK 64-Bit Server VM (17.0.4.1+1) for windows-amd64 JRE (17.0.4.1+1), built on Aug 17 2022 07:42:43 by "temurin" with MS VC++ 16.7 (VS2019)

END.
